<?xml version="1.0" encoding="UTF-8"?>
<!-- Generated by org.testng.reporters.JUnitReportReporter -->
<testsuite hostname="Asplap3121" failures="0" tests="1" name="TC.ListenerTest" time="72.558" errors="0" timestamp="2023-05-03T17:46:00 IST" skipped="0">
  <testcase classname="TC.ListenerTest" name="CreateaclaimwithUser1" time="72.558"/>
  <system-out/>
</testsuite> <!-- TC.ListenerTest -->
