<?xml version="1.0" encoding="UTF-8"?>
<!-- Generated by org.testng.reporters.JUnitReportReporter -->
<testsuite hostname="Asplap3121" failures="0" tests="1" name="PO.Paralleltest" time="12.616" errors="0" timestamp="2023-05-05T17:21:14 IST" skipped="0">
  <testcase classname="PO.Paralleltest" name="Setup1" time="12.616"/>
  <system-out/>
</testsuite> <!-- PO.Paralleltest -->
