<?xml version="1.0" encoding="UTF-8"?>
<!-- Generated by org.testng.reporters.JUnitReportReporter -->
<testsuite hostname="Asplap3121" failures="0" tests="1" name="TC.Paralleltest2" time="12.513" errors="0" timestamp="2023-05-05T17:44:24 IST" skipped="0">
  <testcase classname="TC.Paralleltest2" name="Setup1" time="12.513"/>
  <system-out/>
</testsuite> <!-- TC.Paralleltest2 -->
