<?xml version="1.0" encoding="UTF-8"?>
<!-- Generated by org.testng.reporters.JUnitReportReporter -->
<testsuite hostname="Asplap3121" failures="0" tests="1" name="Multiusersclaim.mainclass" time="225.874" errors="0" timestamp="2023-04-06T15:44:46 IST" skipped="0">
  <testcase classname="Multiusersclaim.mainclass" name="CreateaclaimwithUser2" time="225.874"/>
  <system-out/>
</testsuite> <!-- Multiusersclaim.mainclass -->
