<?xml version="1.0" encoding="UTF-8"?>
<!-- Generated by org.testng.reporters.JUnitReportReporter -->
<testsuite hostname="Asplap3121" failures="0" tests="1" name="TC.Paralleltest" time="12.296" errors="0" timestamp="2023-05-05T17:40:50 IST" skipped="0">
  <testcase classname="TC.Paralleltest" name="Setup1" time="12.296"/>
  <system-out/>
</testsuite> <!-- TC.Paralleltest -->
